<?xml version="1.0" encoding="UTF-8"?>
<!-- Generated by org.testng.reporters.JUnitXMLReporter -->
<testsuite ignored="0" hostname="cmjl-namita" failures="1" tests="15" name="EPramaan Test" time="509.404" errors="0" timestamp="2025-12-12T17:02:45 IST">
  <testcase classname="com.seleniumspring.epramaan.staging.LoginUsingUserName" name="LoginUsingUserNameTest" time="15.249"/>
  <testcase classname="com.seleniumspring.epramaan.staging.LoginUsingMobileNo" name="LoginUsingMobileNoTest" time="35.957"/>
  <testcase classname="com.seleniumspring.epramaan.staging.LoginUsingPan" name="LoginWithPanTest" time="13.275"/>
  <testcase classname="com.seleniumspring.epramaan.staging.LoginUsingDLTest" name="LoginUsingDL" time="16.997"/>
  <testcase classname="com.seleniumspring.epramaan.staging.TestLoginUsingAadhar" name="LoginUsingAadharTest" time="7.146"/>
  <testcase classname="com.seleniumspring.epramaan.staging.ViewProfile" name="ViewProfileTest" time="40.679"/>
  <testcase classname="com.seleniumspring.epramaan.staging.DashboardTest" name="DashboardTest" time="14.078"/>
  <testcase classname="com.seleniumspring.epramaan.staging.ViewTransactionHistory" name="ViewTransactionHistoryTest" time="25.776"/>
  <testcase classname="com.seleniumspring.epramaan.staging.UserEditProfile" name="UserEditProfileTest" time="50.177"/>
  <testcase classname="com.seleniumspring.epramaan.staging.UnlockAccountByEmail" name="UnlockAccountByEmailTest" time="87.227"/>
  <testcase classname="com.seleniumspring.epramaan.staging.UnlockAccountByMobile" name="UnlockAccountByMobileTest" time="39.747"/>
  <testcase classname="com.seleniumspring.epramaan.staging.UserAadharKYC" name="UserAadharKYCTest" time="66.349">
    <failure type="java.lang.AssertionError" message="Test failed due to exception: no such element: Unable to locate element: {&amp;quot;method&amp;quot;:&amp;quot;css selector&amp;quot;,&amp;quot;selector&amp;quot;:&amp;quot;#aadhaarOTPForKYC&amp;quot;}
  (Session info: chrome=142.0.7444.176)
For documentation on this error, please visit: https://www.selenium.dev/documentation/webdriver/troubleshooting/errors#no-such-element-exception
Build info: version: &amp;apos;4.10.0&amp;apos;, revision: &amp;apos;c14d967899&amp;apos;
System info: os.name: &amp;apos;Windows 11&amp;apos;, os.arch: &amp;apos;amd64&amp;apos;, os.version: &amp;apos;10.0&amp;apos;, java.version: &amp;apos;17.0.15&amp;apos;
Driver info: org.openqa.selenium.chrome.ChromeDriver
Command: [f36352f67360b52cffd0d12db0acc8d5, findElement {using=id, value=aadhaarOTPForKYC}]
Capabilities {acceptInsecureCerts: false, browserName: chrome, browserVersion: 142.0.7444.176, chrome: {chromedriverVersion: 141.0.7390.76 (d6fcfbb51aac..., userDataDir: C:\Users\namita\AppData\Loc...}, fedcm:accounts: true, goog:chromeOptions: {debuggerAddress: localhost:59643}, networkConnectionEnabled: false, pageLoadStrategy: normal, platformName: windows, proxy: Proxy(), se:cdp: ws://localhost:59643/devtoo..., se:cdpVersion: 142.0.7444.176, setWindowRect: true, strictFileInteractability: false, timeouts: {implicit: 0, pageLoad: 300000, script: 30000}, unhandledPromptBehavior: dismiss and notify, webauthn:extension:credBlob: true, webauthn:extension:largeBlob: true, webauthn:extension:minPinLength: true, webauthn:extension:prf: true, webauthn:virtualAuthenticators: true}
Session ID: f36352f67360b52cffd0d12db0acc8d5">
      <![CDATA[java.lang.AssertionError: Test failed due to exception: no such element: Unable to locate element: {"method":"css selector","selector":"#aadhaarOTPForKYC"}
  (Session info: chrome=142.0.7444.176)
For documentation on this error, please visit: https://www.selenium.dev/documentation/webdriver/troubleshooting/errors#no-such-element-exception
Build info: version: '4.10.0', revision: 'c14d967899'
System info: os.name: 'Windows 11', os.arch: 'amd64', os.version: '10.0', java.version: '17.0.15'
Driver info: org.openqa.selenium.chrome.ChromeDriver
Command: [f36352f67360b52cffd0d12db0acc8d5, findElement {using=id, value=aadhaarOTPForKYC}]
Capabilities {acceptInsecureCerts: false, browserName: chrome, browserVersion: 142.0.7444.176, chrome: {chromedriverVersion: 141.0.7390.76 (d6fcfbb51aac..., userDataDir: C:\Users\namita\AppData\Loc...}, fedcm:accounts: true, goog:chromeOptions: {debuggerAddress: localhost:59643}, networkConnectionEnabled: false, pageLoadStrategy: normal, platformName: windows, proxy: Proxy(), se:cdp: ws://localhost:59643/devtoo..., se:cdpVersion: 142.0.7444.176, setWindowRect: true, strictFileInteractability: false, timeouts: {implicit: 0, pageLoad: 300000, script: 30000}, unhandledPromptBehavior: dismiss and notify, webauthn:extension:credBlob: true, webauthn:extension:largeBlob: true, webauthn:extension:minPinLength: true, webauthn:extension:prf: true, webauthn:virtualAuthenticators: true}
Session ID: f36352f67360b52cffd0d12db0acc8d5
at com.seleniumspring.epramaan.staging.UserAadharKYC.UserAadharKYCTest(UserAadharKYC.java:183)
at java.base/java.util.ArrayList.forEach(ArrayList.java:1511)
... Removed 28 stack frames]]>
    </failure>
  </testcase> <!-- UserAadharKYCTest -->
  <testcase classname="com.seleniumspring.epramaan.staging.UserDLKYC" name="UserDLKYCTest" time="37.271"/>
  <testcase classname="com.seleniumspring.epramaan.staging.ResetPassword" name="UserResetPasswordTest" time="21.888"/>
  <testcase classname="com.seleniumspring.epramaan.staging.ForgotPasswordAadharNumber" name="ForgotPasswordAadharNumberTest" time="35.831"/>
</testsuite> <!-- EPramaan Test -->
