<?xml version="1.0" encoding="UTF-8"?>
<!-- Generated by org.testng.reporters.JUnitXMLReporter -->
<testsuite ignored="0" hostname="cmjl-namita" failures="1" tests="3" name="ePramaan Production" time="27.989" errors="0" timestamp="2025-08-13T14:19:31 IST">
  <testcase classname="com.seleniumspring.epramaan.production.TestLoginUsingAadhar" name="loginWithAadhaar" time="7.216"/>
  <testcase classname="com.seleniumspring.epramaan.production.Dashboard" name="Dashboardd" time="2.329">
    <failure type="java.lang.AssertionError" message="URL did not match after loading. expected [http://epramaan.meripehchaan.gov.in/] but found [https://epramaan.meripehchaan.gov.in/]">
      <![CDATA[java.lang.AssertionError: URL did not match after loading. expected [http://epramaan.meripehchaan.gov.in/] but found [https://epramaan.meripehchaan.gov.in/]
at com.seleniumspring.epramaan.production.Dashboard.Dashboardd(Dashboard.java:29)
at java.base/java.util.ArrayList.forEach(ArrayList.java:1511)
... Removed 32 stack frames]]>
    </failure>
  </testcase> <!-- Dashboardd -->
  <testcase classname="com.seleniumspring.epramaan.production.ViewTransactionHistory" name="ViewTransactionHistoryTest" time="18.155"/>
</testsuite> <!-- ePramaan Production -->
