<?xml version="1.0" encoding="UTF-8"?>
<!-- Generated by org.testng.reporters.JUnitXMLReporter -->
<testsuite ignored="0" hostname="cmjl-namita" failures="0" tests="9" name="ePramaan_Login_Test" time="263.471" errors="0" timestamp="2025-07-18T11:54:27 IST">
  <testcase classname="com.seleniumspring.epramaan.staging.LoginUsingUserName" name="loginTest" time="10.542"/>
  <testcase classname="com.seleniumspring.epramaan.staging.LoginUsingUserName" name="loginTest" time="17.335"/>
  <testcase classname="com.seleniumspring.epramaan.staging.LoginUsingUserName" name="loginTest" time="16.959"/>
  <testcase classname="com.seleniumspring.epramaan.staging.TestLoginUsingAadhar" name="LoginWithAadhaarTest" time="6.253"/>
  <testcase classname="com.seleniumspring.epramaan.staging.LoginUsingPan" name="loginWithPan" time="12.578"/>
  <testcase classname="com.seleniumspring.epramaan.staging.LoginUsingPan" name="loginWithPan" time="18.923"/>
  <testcase classname="com.seleniumspring.epramaan.staging.LoginUsingDL" name="loginWithDL" time="12.101"/>
  <testcase classname="com.seleniumspring.epramaan.staging.LoginUsingDL" name="loginWithDL" time="18.9"/>
  <testcase classname="com.seleniumspring.epramaan.staging.LoginUsingMobileNo" name="loginWithMobileTest" time="149.838"/>
</testsuite> <!-- ePramaan_Login_Test -->
