<?xml version="1.0" encoding="UTF-8"?>
<!-- Generated by org.testng.reporters.JUnitXMLReporter -->
<testsuite ignored="0" hostname="cmjl-namita" failures="1" tests="8" name="ePramaan Staging" time="114.144" errors="0" timestamp="2025-08-13T16:31:10 IST">
  <testcase classname="com.seleniumspring.epramaan.staging.TestLoginUsingAadhar" name="loginWithAadhaarTest" time="7.78">
    <failure type="java.lang.AssertionError" message="Failed to click consent checkbox: element click intercepted: Element is not clickable at point (484, 600)
  (Session info: chrome=139.0.7258.128)
Build info: version: &amp;apos;4.10.0&amp;apos;, revision: &amp;apos;c14d967899&amp;apos;
System info: os.name: &amp;apos;Windows 11&amp;apos;, os.arch: &amp;apos;amd64&amp;apos;, os.version: &amp;apos;10.0&amp;apos;, java.version: &amp;apos;17.0.15&amp;apos;
Driver info: org.openqa.selenium.chrome.ChromeDriver
Command: [a10720645ca5687ad3767fc992f5aaab, clickElement {id=f.5192AD947150083675B70D6631D83F29.d.4311498113F1D92348E37BD01FAA75C0.e.17}]
Capabilities {acceptInsecureCerts: false, browserName: chrome, browserVersion: 139.0.7258.128, chrome: {chromedriverVersion: 139.0.7258.128 (e1327e2d24b..., userDataDir: C:\Users\namita\AppData\Loc...}, fedcm:accounts: true, goog:chromeOptions: {debuggerAddress: localhost:55291}, networkConnectionEnabled: false, pageLoadStrategy: normal, platformName: windows, proxy: Proxy(), se:cdp: ws://localhost:55291/devtoo..., se:cdpVersion: 139.0.7258.128, setWindowRect: true, strictFileInteractability: false, timeouts: {implicit: 0, pageLoad: 300000, script: 30000}, unhandledPromptBehavior: dismiss and notify, webauthn:extension:credBlob: true, webauthn:extension:largeBlob: true, webauthn:extension:minPinLength: true, webauthn:extension:prf: true, webauthn:virtualAuthenticators: true}
Element: [[ChromeDriver: chrome on windows (a10720645ca5687ad3767fc992f5aaab)] -&amp;gt; id: ssoConsent1]
Session ID: a10720645ca5687ad3767fc992f5aaab">
      <![CDATA[java.lang.AssertionError: Failed to click consent checkbox: element click intercepted: Element is not clickable at point (484, 600)
  (Session info: chrome=139.0.7258.128)
Build info: version: '4.10.0', revision: 'c14d967899'
System info: os.name: 'Windows 11', os.arch: 'amd64', os.version: '10.0', java.version: '17.0.15'
Driver info: org.openqa.selenium.chrome.ChromeDriver
Command: [a10720645ca5687ad3767fc992f5aaab, clickElement {id=f.5192AD947150083675B70D6631D83F29.d.4311498113F1D92348E37BD01FAA75C0.e.17}]
Capabilities {acceptInsecureCerts: false, browserName: chrome, browserVersion: 139.0.7258.128, chrome: {chromedriverVersion: 139.0.7258.128 (e1327e2d24b..., userDataDir: C:\Users\namita\AppData\Loc...}, fedcm:accounts: true, goog:chromeOptions: {debuggerAddress: localhost:55291}, networkConnectionEnabled: false, pageLoadStrategy: normal, platformName: windows, proxy: Proxy(), se:cdp: ws://localhost:55291/devtoo..., se:cdpVersion: 139.0.7258.128, setWindowRect: true, strictFileInteractability: false, timeouts: {implicit: 0, pageLoad: 300000, script: 30000}, unhandledPromptBehavior: dismiss and notify, webauthn:extension:credBlob: true, webauthn:extension:largeBlob: true, webauthn:extension:minPinLength: true, webauthn:extension:prf: true, webauthn:virtualAuthenticators: true}
Element: [[ChromeDriver: chrome on windows (a10720645ca5687ad3767fc992f5aaab)] -> id: ssoConsent1]
Session ID: a10720645ca5687ad3767fc992f5aaab
at com.seleniumspring.epramaan.staging.TestLoginUsingAadhar.loginWithAadhaarTest(TestLoginUsingAadhar.java:88)
at java.base/java.util.ArrayList.forEach(ArrayList.java:1511)
... Removed 28 stack frames]]>
    </failure>
  </testcase> <!-- loginWithAadhaarTest -->
  <testcase classname="com.seleniumspring.epramaan.staging.LoginUsingPan" name="loginWithPan" time="20.406"/>
  <testcase classname="com.seleniumspring.epramaan.staging.LoginUsingPan" name="loginWithPan" time="19.001"/>
  <testcase classname="com.seleniumspring.epramaan.staging.LoginUsingPan" name="loginWithPan" time="19.086"/>
  <testcase classname="com.seleniumspring.epramaan.staging.LoginUsingUserName" name="loginWithUserNameTest" time="9.193"/>
  <testcase classname="com.seleniumspring.epramaan.staging.LoginUsingUserName" name="loginWithUserNameTest" time="17.352"/>
  <testcase classname="com.seleniumspring.epramaan.staging.LoginUsingUserName" name="loginWithUserNameTest" time="17.467"/>
  <testcase classname="com.seleniumspring.epramaan.staging.Dashboard" name="Dashboardd" time="3.603"/>
</testsuite> <!-- ePramaan Staging -->
