<?xml version="1.0" encoding="UTF-8"?>
<!-- Generated by org.testng.reporters.JUnitXMLReporter -->
<testsuite ignored="0" hostname="cmjl-namita" failures="1" tests="10" name="TestLogin" time="835.99" errors="0" timestamp="2025-07-08T10:25:25 IST">
  <testcase classname="com.seleniumspring.epramaan.production.NewRegistration" name="testRegistration" time="51.45"/>
  <testcase classname="com.seleniumspring.epramaan.production.Dashboard" name="Dashboardd" time="19.94">
    <failure type="java.lang.AssertionError" message="Test failed due to exception: Expected condition failed: waiting for visibility of element located by By.id: some_dashboard_element_id (tried for 10 second(s) with 500 milliseconds interval)">
      <![CDATA[java.lang.AssertionError: Test failed due to exception: Expected condition failed: waiting for visibility of element located by By.id: some_dashboard_element_id (tried for 10 second(s) with 500 milliseconds interval)
at com.seleniumspring.epramaan.production.Dashboard.Dashboardd(Dashboard.java:73)
at java.base/java.util.ArrayList.forEach(ArrayList.java:1511)
... Removed 28 stack frames]]>
    </failure>
  </testcase> <!-- Dashboardd -->
  <testcase classname="com.seleniumspring.epramaan.production.ViewTransactionHistory" name="ViewTransactionHistoryTest" time="49.446"/>
  <testcase classname="com.seleniumspring.epramaan.production.TestLoginUsingAadhar" name="loginWithAadhaar" time="6.375"/>
  <testcase classname="com.seleniumspring.epramaan.production.ViewProfile" name="ViewProfileTest" time="566.395"/>
  <testcase classname="com.seleniumspring.epramaan.production.UserEditProfile" name="loginTest" time="46.776"/>
  <testcase classname="com.seleniumspring.epramaan.production.UserAadharKYC" name="UserAadharKYCTest" time="10.491"/>
  <testcase classname="com.seleniumspring.epramaan.production.UnlockAccountByMobile" name="UnlockAccountByMobileTest" time="38.837"/>
  <testcase classname="com.seleniumspring.epramaan.production.ResetPassword" name="UserResetPassword" time="22.172"/>
  <testcase classname="com.seleniumspring.epramaan.production.ForgotPasswordAadharNumber" name="ForgotPasswordAadharNumberTest" time="24.007"/>
</testsuite> <!-- TestLogin -->
