<?xml version="1.0" encoding="UTF-8"?>
<!-- Generated by org.testng.reporters.JUnitXMLReporter -->
<testsuite ignored="0" hostname="cmjl-namita" failures="0" tests="6" name="Production Tests" time="82.124" errors="0" timestamp="2025-08-13T17:12:35 IST">
  <testcase classname="base.BaseTest" name="@BeforeMethod setUp" time="0.05">
    <failure type="java.lang.NoClassDefFoundError" message="org/apache/hc/client5/http/config/ConnectionConfig">
      <![CDATA[java.lang.NoClassDefFoundError: org/apache/hc/client5/http/config/ConnectionConfig
at io.github.bonigarcia.wdm.online.HttpClient.<init>(HttpClient.java:116)
at io.github.bonigarcia.wdm.WebDriverManager.setup(WebDriverManager.java:413)
at base.BaseTest.setUp(BaseTest.java:29)
at java.base/java.util.ArrayList.forEach(ArrayList.java:1511)
Caused by: java.lang.ClassNotFoundException: org.apache.hc.client5.http.config.ConnectionConfig
at java.base/jdk.internal.loader.BuiltinClassLoader.loadClass(BuiltinClassLoader.java:641)
at java.base/jdk.internal.loader.ClassLoaders$AppClassLoader.loadClass(ClassLoaders.java:188)
at java.base/java.lang.ClassLoader.loadClass(ClassLoader.java:525)
... 35 more
... Removed 31 stack frames]]>
    </failure>
  </testcase> <!-- @BeforeMethod setUp -->
  <testcase classname="com.seleniumspring.epramaan.production.TestLoginUsingAadhar" name="loginWithAadhaar" time="7.277"/>
  <testcase classname="com.seleniumspring.epramaan.production.LoginUsingPan" name="loginWithPanTest" time="10.946"/>
  <testcase classname="com.seleniumspring.epramaan.production.LoginUsingUserName" name="loginTest" time="29.268"/>
  <testcase classname="com.seleniumspring.epramaan.production.LoginUsingUserName" name="loginTest" time="17.361"/>
  <testcase classname="com.seleniumspring.epramaan.production.LoginUsingUserName" name="loginTest" time="16.953"/>
  <testcase classname="com.seleniumspring.epramaan.production.Dashboard" name="Dashboardd" time="0.0">
    <skipped/>
  </testcase> <!-- Dashboardd -->
</testsuite> <!-- Production Tests -->
