<?xml version="1.0" encoding="UTF-8"?>
<testng-results ignored="0" total="1" passed="1" failed="0" skipped="0">
  <reporter-output>
  </reporter-output>
  <suite started-at="2026-02-20T12:06:12 IST" name="Default suite" finished-at="2026-02-20T12:06:30 IST" duration-ms="17508">
    <groups>
    </groups>
    <test started-at="2026-02-20T12:06:12 IST" name="Default test" finished-at="2026-02-20T12:06:30 IST" duration-ms="17508">
      <class name="com.seleniumspring.epramaan.staging.LoginUsingUserName">
        <test-method signature="LoginUsingUserNameTest(java.lang.String,java.lang.String)[pri:0, instance:com.seleniumspring.epramaan.staging.LoginUsingUserName@7dc0f706]" started-at="2026-02-20T12:06:12 IST" name="LoginUsingUserNameTest" data-provider="userCredentials" finished-at="2026-02-20T12:06:30 IST" duration-ms="17441" status="PASS">
          <params>
            <param index="0">
              <value>
                <![CDATA[namita610]]>
              </value>
            </param>
            <param index="1">
              <value>
                <![CDATA[Namita@123]]>
              </value>
            </param>
          </params>
          <reporter-output>
          </reporter-output>
        </test-method> <!-- LoginUsingUserNameTest -->
      </class> <!-- com.seleniumspring.epramaan.staging.LoginUsingUserName -->
    </test> <!-- Default test -->
  </suite> <!-- Default suite -->
</testng-results>
