<?xml version="1.0" encoding="UTF-8"?>
<!-- Generated by org.testng.reporters.JUnitXMLReporter -->
<testsuite ignored="0" hostname="cmjl-namita" failures="1" tests="8" name="Staging Tests" time="131.849" errors="0" timestamp="2025-08-14T09:49:40 IST">
  <testcase classname="com.seleniumspring.epramaan.staging.TestLoginUsingAadhar" name="loginWithAadhaarTest" time="7.565">
    <failure type="java.lang.AssertionError" message="Failed to click consent checkbox: element click intercepted: Element is not clickable at point (484, 600)
  (Session info: chrome=139.0.7258.128)
Build info: version: &amp;apos;4.10.0&amp;apos;, revision: &amp;apos;c14d967899&amp;apos;
System info: os.name: &amp;apos;Windows 11&amp;apos;, os.arch: &amp;apos;amd64&amp;apos;, os.version: &amp;apos;10.0&amp;apos;, java.version: &amp;apos;17.0.15&amp;apos;
Driver info: org.openqa.selenium.chrome.ChromeDriver
Command: [c54bdeb85b29bc8c70d1fd19af972848, clickElement {id=f.109C1AACC836BCEA347B2C8C9D48F5FC.d.FF8B7159C47FECC957510C7FE39708B4.e.22}]
Capabilities {acceptInsecureCerts: false, browserName: chrome, browserVersion: 139.0.7258.128, chrome: {chromedriverVersion: 139.0.7258.128 (e1327e2d24b..., userDataDir: C:\Users\namita\AppData\Loc...}, fedcm:accounts: true, goog:chromeOptions: {debuggerAddress: localhost:58475}, networkConnectionEnabled: false, pageLoadStrategy: normal, platformName: windows, proxy: Proxy(), se:cdp: ws://localhost:58475/devtoo..., se:cdpVersion: 139.0.7258.128, setWindowRect: true, strictFileInteractability: false, timeouts: {implicit: 0, pageLoad: 300000, script: 30000}, unhandledPromptBehavior: dismiss and notify, webauthn:extension:credBlob: true, webauthn:extension:largeBlob: true, webauthn:extension:minPinLength: true, webauthn:extension:prf: true, webauthn:virtualAuthenticators: true}
Element: [[ChromeDriver: chrome on windows (c54bdeb85b29bc8c70d1fd19af972848)] -&amp;gt; id: ssoConsent1]
Session ID: c54bdeb85b29bc8c70d1fd19af972848">
      <![CDATA[java.lang.AssertionError: Failed to click consent checkbox: element click intercepted: Element is not clickable at point (484, 600)
  (Session info: chrome=139.0.7258.128)
Build info: version: '4.10.0', revision: 'c14d967899'
System info: os.name: 'Windows 11', os.arch: 'amd64', os.version: '10.0', java.version: '17.0.15'
Driver info: org.openqa.selenium.chrome.ChromeDriver
Command: [c54bdeb85b29bc8c70d1fd19af972848, clickElement {id=f.109C1AACC836BCEA347B2C8C9D48F5FC.d.FF8B7159C47FECC957510C7FE39708B4.e.22}]
Capabilities {acceptInsecureCerts: false, browserName: chrome, browserVersion: 139.0.7258.128, chrome: {chromedriverVersion: 139.0.7258.128 (e1327e2d24b..., userDataDir: C:\Users\namita\AppData\Loc...}, fedcm:accounts: true, goog:chromeOptions: {debuggerAddress: localhost:58475}, networkConnectionEnabled: false, pageLoadStrategy: normal, platformName: windows, proxy: Proxy(), se:cdp: ws://localhost:58475/devtoo..., se:cdpVersion: 139.0.7258.128, setWindowRect: true, strictFileInteractability: false, timeouts: {implicit: 0, pageLoad: 300000, script: 30000}, unhandledPromptBehavior: dismiss and notify, webauthn:extension:credBlob: true, webauthn:extension:largeBlob: true, webauthn:extension:minPinLength: true, webauthn:extension:prf: true, webauthn:virtualAuthenticators: true}
Element: [[ChromeDriver: chrome on windows (c54bdeb85b29bc8c70d1fd19af972848)] -> id: ssoConsent1]
Session ID: c54bdeb85b29bc8c70d1fd19af972848
at com.seleniumspring.epramaan.staging.TestLoginUsingAadhar.loginWithAadhaarTest(TestLoginUsingAadhar.java:88)
at java.base/java.util.ArrayList.forEach(ArrayList.java:1511)
... Removed 28 stack frames]]>
    </failure>
  </testcase> <!-- loginWithAadhaarTest -->
  <testcase classname="com.seleniumspring.epramaan.staging.LoginUsingPan" name="loginWithPan" time="20.643"/>
  <testcase classname="com.seleniumspring.epramaan.staging.LoginUsingPan" name="loginWithPan" time="18.933"/>
  <testcase classname="com.seleniumspring.epramaan.staging.LoginUsingPan" name="loginWithPan" time="18.824"/>
  <testcase classname="com.seleniumspring.epramaan.staging.LoginUsingUserName" name="loginWithUserNameTest" time="18.209"/>
  <testcase classname="com.seleniumspring.epramaan.staging.LoginUsingUserName" name="loginWithUserNameTest" time="17.369"/>
  <testcase classname="com.seleniumspring.epramaan.staging.LoginUsingUserName" name="loginWithUserNameTest" time="17.114"/>
  <testcase classname="com.seleniumspring.epramaan.staging.Dashboard" name="Dashboardd" time="13.152"/>
</testsuite> <!-- Staging Tests -->
