<?xml version="1.0" encoding="UTF-8"?>
<!-- Generated by org.testng.reporters.JUnitReportReporter -->
<testsuite hostname="cmjl-namita" failures="0" tests="1" name="com.seleniumspring.epramaan.production.ViewTransactionHistory" time="49.623" errors="0" timestamp="2026-01-06T20:49:07 IST" skipped="0">
  <testcase classname="com.seleniumspring.epramaan.production.ViewTransactionHistory" name="ViewTransactionHistoryTest" time="49.623"/>
</testsuite> <!-- com.seleniumspring.epramaan.production.ViewTransactionHistory -->
