<?xml version="1.0" encoding="UTF-8"?>
<!-- Generated by org.testng.reporters.JUnitReportReporter -->
<testsuite hostname="cmjl-namita" failures="0" tests="1" name="com.seleniumspring.epramaan.production.TestLoginUsingAadhar" time="19.760" errors="0" timestamp="2026-01-06T20:47:26 IST" skipped="0">
  <testcase classname="com.seleniumspring.epramaan.production.TestLoginUsingAadhar" name="LoginUsingAadharTest" time="19.760"/>
</testsuite> <!-- com.seleniumspring.epramaan.production.TestLoginUsingAadhar -->
