<?xml version="1.0" encoding="UTF-8"?>
<!-- Generated by org.testng.reporters.JUnitReportReporter -->
<testsuite hostname="cmjl-namita" failures="0" tests="1" name="com.seleniumspring.epramaan.staging.LoginUsingUserName" time="17.441" errors="0" timestamp="2026-02-20T12:06:30 IST" skipped="0">
  <testcase classname="com.seleniumspring.epramaan.staging.LoginUsingUserName" name="LoginUsingUserNameTest" time="17.441"/>
</testsuite> <!-- com.seleniumspring.epramaan.staging.LoginUsingUserName -->
