<?xml version="1.0" encoding="UTF-8"?>
<!-- Generated by org.testng.reporters.JUnitReportReporter -->
<testsuite hostname="cmjl-namita" failures="0" tests="1" name="com.seleniumspring.epramaan.production.LoginUsingUserName" time="25.852" errors="0" timestamp="2026-01-06T20:36:13 IST" skipped="0">
  <testcase classname="com.seleniumspring.epramaan.production.LoginUsingUserName" name="LoginUsingUserNameTest" time="25.852"/>
</testsuite> <!-- com.seleniumspring.epramaan.production.LoginUsingUserName -->
