<?xml version="1.0" encoding="UTF-8"?>
<!-- Generated by org.testng.reporters.JUnitReportReporter -->
<testsuite hostname="cmjl-namita" failures="0" tests="1" name="com.seleniumspring.epramaan.staging.LoginUsingMobileNo" time="18.919" errors="0" timestamp="2026-01-06T20:46:23 IST" skipped="0">
  <testcase classname="com.seleniumspring.epramaan.staging.LoginUsingMobileNo" name="LoginUsingMobileNoTest" time="18.919"/>
</testsuite> <!-- com.seleniumspring.epramaan.staging.LoginUsingMobileNo -->
