<?xml version="1.0" encoding="UTF-8"?>
<!-- Generated by org.testng.reporters.JUnitReportReporter -->
<testsuite hostname="cmjl-namita" failures="0" tests="1" name="com.seleniumspring.epramaan.staging.TestLoginUsingAadhar" time="7.146" errors="0" timestamp="2025-12-12T17:02:45 IST" skipped="0">
  <testcase classname="com.seleniumspring.epramaan.staging.TestLoginUsingAadhar" name="LoginUsingAadharTest" time="7.146"/>
</testsuite> <!-- com.seleniumspring.epramaan.staging.TestLoginUsingAadhar -->
