<?xml version="1.0" encoding="UTF-8"?>
<!-- Generated by org.testng.reporters.JUnitReportReporter -->
<testsuite hostname="cmjl-namita" failures="0" tests="1" name="com.seleniumspring.epramaan.production.UnlockAccountByMobile" time="39.678" errors="0" timestamp="2026-01-06T21:52:47 IST" skipped="0">
  <testcase classname="com.seleniumspring.epramaan.production.UnlockAccountByMobile" name="UnlockAccountByMobileTest" time="39.678"/>
</testsuite> <!-- com.seleniumspring.epramaan.production.UnlockAccountByMobile -->
