<?xml version="1.0" encoding="UTF-8"?>
<!-- Generated by org.testng.reporters.JUnitReportReporter -->
<testsuite hostname="cmjl-namita" failures="0" tests="1" name="com.seleniumspring.epramaan.staging.PasswordSettingImagePassword" time="20.675" errors="0" timestamp="2025-06-06T15:28:25 IST" skipped="0">
  <testcase classname="com.seleniumspring.epramaan.staging.PasswordSettingImagePassword" name="ResetPassword" time="20.675"/>
</testsuite> <!-- com.seleniumspring.epramaan.staging.PasswordSettingImagePassword -->
