<?xml version="1.0" encoding="UTF-8"?>
<!-- Generated by org.testng.reporters.JUnitReportReporter -->
<testsuite hostname="cmjl-namita" failures="0" tests="1" name="com.seleniumspring.epramaan.staging.ForgotPasswordMobileNumber" time="19.605" errors="0" timestamp="2025-12-12T16:23:52 IST" skipped="0">
  <testcase classname="com.seleniumspring.epramaan.staging.ForgotPasswordMobileNumber" name="ForgotPasswordMobileNumberTest" time="19.605"/>
</testsuite> <!-- com.seleniumspring.epramaan.staging.ForgotPasswordMobileNumber -->
