<?xml version="1.0" encoding="UTF-8"?>
<!-- Generated by org.testng.reporters.JUnitReportReporter -->
<testsuite hostname="cmjl-namita" failures="0" tests="1" name="com.seleniumspring.epramaan.staging.ForgotPasswordUserName" time="5.798" errors="0" timestamp="2025-07-22T11:20:47 IST" skipped="0">
  <testcase classname="com.seleniumspring.epramaan.staging.ForgotPasswordUserName" name="ForgotPasswordUserNameTest" time="5.798"/>
</testsuite> <!-- com.seleniumspring.epramaan.staging.ForgotPasswordUserName -->
